2023-03-02T10:59:35.183-08:00  INFO 9386 --- [restartedMain] com.RyanSBA.mvc.MvcApplication           : Starting MvcApplication using Java 17.0.6 with PID 9386 (/home/ryan/IdeaProjects/mvc/target/classes started by ryan in /home/ryan/IdeaProjects/mvc)
2023-03-02T10:59:35.191-08:00  INFO 9386 --- [restartedMain] com.RyanSBA.mvc.MvcApplication           : No active profile set, falling back to 1 default profile: "default"
2023-03-02T10:59:35.396-08:00  INFO 9386 --- [restartedMain] .e.DevToolsPropertyDefaultsPostProcessor : Devtools property defaults active! Set 'spring.devtools.add-properties' to 'false' to disable
2023-03-02T10:59:35.397-08:00  INFO 9386 --- [restartedMain] .e.DevToolsPropertyDefaultsPostProcessor : For additional web related logging consider setting the 'logging.level.web' property to 'DEBUG'
2023-03-02T10:59:36.690-08:00  INFO 9386 --- [restartedMain] .s.d.r.c.RepositoryConfigurationDelegate : Bootstrapping Spring Data JPA repositories in DEFAULT mode.
2023-03-02T10:59:36.797-08:00  INFO 9386 --- [restartedMain] .s.d.r.c.RepositoryConfigurationDelegate : Finished Spring Data repository scanning in 95 ms. Found 5 JPA repository interfaces.
2023-03-02T10:59:37.804-08:00  INFO 9386 --- [restartedMain] o.s.b.w.embedded.tomcat.TomcatWebServer  : Tomcat initialized with port(s): 8080 (http)
2023-03-02T10:59:37.819-08:00  INFO 9386 --- [restartedMain] o.apache.catalina.core.StandardService   : Starting service [Tomcat]
2023-03-02T10:59:37.820-08:00  INFO 9386 --- [restartedMain] o.apache.catalina.core.StandardEngine    : Starting Servlet engine: [Apache Tomcat/10.1.5]
2023-03-02T10:59:37.903-08:00  INFO 9386 --- [restartedMain] o.a.c.c.C.[Tomcat].[localhost].[/]       : Initializing Spring embedded WebApplicationContext
2023-03-02T10:59:37.904-08:00  INFO 9386 --- [restartedMain] w.s.c.ServletWebServerApplicationContext : Root WebApplicationContext: initialization completed in 2505 ms
2023-03-02T10:59:37.995-08:00  WARN 9386 --- [restartedMain] o.a.c.c.C.[Tomcat].[localhost].[/]       : Cannot deserialize session attribute [SPRING_SECURITY_CONTEXT] for session [A125B552C9C080BE42C24A3ABDF2CC4B]
2023-03-02T10:59:38.194-08:00  INFO 9386 --- [restartedMain] o.hibernate.jpa.internal.util.LogHelper  : HHH000204: Processing PersistenceUnitInfo [name: default]
2023-03-02T10:59:38.269-08:00  INFO 9386 --- [restartedMain] org.hibernate.Version                    : HHH000412: Hibernate ORM core version 6.1.6.Final
2023-03-02T10:59:38.501-08:00  WARN 9386 --- [restartedMain] org.hibernate.orm.deprecation            : HHH90000021: Encountered deprecated setting [javax.persistence.sharedCache.mode], use [jakarta.persistence.sharedCache.mode] instead
2023-03-02T10:59:38.632-08:00  INFO 9386 --- [restartedMain] com.zaxxer.hikari.HikariDataSource       : HikariPool-1 - Starting...
2023-03-02T10:59:39.044-08:00  INFO 9386 --- [restartedMain] com.zaxxer.hikari.pool.HikariPool        : HikariPool-1 - Added connection com.mysql.cj.jdbc.ConnectionImpl@5dfda562
2023-03-02T10:59:39.046-08:00  INFO 9386 --- [restartedMain] com.zaxxer.hikari.HikariDataSource       : HikariPool-1 - Start completed.
2023-03-02T10:59:39.107-08:00  INFO 9386 --- [restartedMain] SQL dialect                              : HHH000400: Using dialect: org.hibernate.dialect.MySQLDialect
2023-03-02T10:59:40.339-08:00  INFO 9386 --- [restartedMain] o.h.e.t.j.p.i.JtaPlatformInitiator       : HHH000490: Using JtaPlatform implementation: [org.hibernate.engine.transaction.jta.platform.internal.NoJtaPlatform]
2023-03-02T10:59:40.351-08:00  INFO 9386 --- [restartedMain] j.LocalContainerEntityManagerFactoryBean : Initialized JPA EntityManagerFactory for persistence unit 'default'
2023-03-02T10:59:41.234-08:00  WARN 9386 --- [restartedMain] JpaBaseConfiguration$JpaWebConfiguration : spring.jpa.open-in-view is enabled by default. Therefore, database queries may be performed during view rendering. Explicitly configure spring.jpa.open-in-view to disable this warning
2023-03-02T10:59:41.528-08:00  INFO 9386 --- [restartedMain] o.s.b.a.w.s.WelcomePageHandlerMapping    : Adding welcome page template: index
2023-03-02T10:59:41.806-08:00  INFO 9386 --- [restartedMain] o.s.s.web.DefaultSecurityFilterChain     : Will secure any request with [org.springframework.security.web.session.DisableEncodeUrlFilter@28b6c58d, org.springframework.security.web.context.request.async.WebAsyncManagerIntegrationFilter@6514b63e, org.springframework.security.web.context.SecurityContextHolderFilter@730457e, org.springframework.security.web.header.HeaderWriterFilter@399d482d, org.springframework.security.web.authentication.logout.LogoutFilter@5e3f014d, org.springframework.security.web.authentication.UsernamePasswordAuthenticationFilter@4b9859c6, org.springframework.security.web.authentication.www.BasicAuthenticationFilter@7e26793c, org.springframework.security.web.savedrequest.RequestCacheAwareFilter@29ae9e84, org.springframework.security.web.servletapi.SecurityContextHolderAwareRequestFilter@635c89a0, org.springframework.security.web.authentication.AnonymousAuthenticationFilter@5b8b920f, org.springframework.security.web.access.ExceptionTranslationFilter@35bbf088, org.springframework.security.web.access.intercept.AuthorizationFilter@281dbf1a]
2023-03-02T10:59:42.160-08:00  INFO 9386 --- [restartedMain] o.s.b.d.a.OptionalLiveReloadServer       : LiveReload server is running on port 35729
2023-03-02T10:59:42.197-08:00  INFO 9386 --- [restartedMain] o.s.b.w.embedded.tomcat.TomcatWebServer  : Tomcat started on port(s): 8080 (http) with context path ''
2023-03-02T10:59:42.209-08:00  INFO 9386 --- [restartedMain] com.RyanSBA.mvc.MvcApplication           : Started MvcApplication in 8.039 seconds (process running for 9.115)
2023-03-02T10:59:49.815-08:00  INFO 9386 --- [http-nio-8080-exec-1] o.a.c.c.C.[Tomcat].[localhost].[/]       : Initializing Spring DispatcherServlet 'dispatcherServlet'
2023-03-02T10:59:49.816-08:00  INFO 9386 --- [http-nio-8080-exec-1] o.s.web.servlet.DispatcherServlet        : Initializing Servlet 'dispatcherServlet'
2023-03-02T10:59:49.820-08:00  INFO 9386 --- [http-nio-8080-exec-1] o.s.web.servlet.DispatcherServlet        : Completed initialization in 3 ms
2023-03-02T10:59:50.079-08:00  INFO 9386 --- [http-nio-8080-exec-1] c.R.mvc.controller.RecipeController      : view index
2023-03-02T10:59:50.524-08:00  WARN 9386 --- [http-nio-8080-exec-1] actStandardFragmentInsertionTagProcessor : [THYMELEAF][http-nio-8080-exec-1][index] Deprecated unwrapped fragment expression "partial/recipecard :: recipecard" found in template index, line 11, col 14. Please use the complete syntax of fragment expressions instead ("~{partial/recipecard :: recipecard}"). The old, unwrapped syntax for fragment expressions will be removed in future versions of Thymeleaf.
2023-03-02T10:59:50.534-08:00  WARN 9386 --- [http-nio-8080-exec-1] actStandardFragmentInsertionTagProcessor : [THYMELEAF][http-nio-8080-exec-1][index] Deprecated unwrapped fragment expression "partial/recipecard :: recipecard" found in template index, line 11, col 14. Please use the complete syntax of fragment expressions instead ("~{partial/recipecard :: recipecard}"). The old, unwrapped syntax for fragment expressions will be removed in future versions of Thymeleaf.
2023-03-02T10:59:50.543-08:00  WARN 9386 --- [http-nio-8080-exec-1] actStandardFragmentInsertionTagProcessor : [THYMELEAF][http-nio-8080-exec-1][index] Deprecated unwrapped fragment expression "partial/recipecard :: recipecard" found in template index, line 11, col 14. Please use the complete syntax of fragment expressions instead ("~{partial/recipecard :: recipecard}"). The old, unwrapped syntax for fragment expressions will be removed in future versions of Thymeleaf.
2023-03-02T10:59:50.550-08:00  WARN 9386 --- [http-nio-8080-exec-1] actStandardFragmentInsertionTagProcessor : [THYMELEAF][http-nio-8080-exec-1][index] Deprecated unwrapped fragment expression "partial/recipecard :: recipecard" found in template index, line 11, col 14. Please use the complete syntax of fragment expressions instead ("~{partial/recipecard :: recipecard}"). The old, unwrapped syntax for fragment expressions will be removed in future versions of Thymeleaf.
2023-03-02T10:59:50.556-08:00  WARN 9386 --- [http-nio-8080-exec-1] actStandardFragmentInsertionTagProcessor : [THYMELEAF][http-nio-8080-exec-1][index] Deprecated unwrapped fragment expression "partial/recipecard :: recipecard" found in template index, line 11, col 14. Please use the complete syntax of fragment expressions instead ("~{partial/recipecard :: recipecard}"). The old, unwrapped syntax for fragment expressions will be removed in future versions of Thymeleaf.
2023-03-02T10:59:50.562-08:00  WARN 9386 --- [http-nio-8080-exec-1] actStandardFragmentInsertionTagProcessor : [THYMELEAF][http-nio-8080-exec-1][index] Deprecated unwrapped fragment expression "partial/recipecard :: recipecard" found in template index, line 11, col 14. Please use the complete syntax of fragment expressions instead ("~{partial/recipecard :: recipecard}"). The old, unwrapped syntax for fragment expressions will be removed in future versions of Thymeleaf.
2023-03-02T10:59:50.568-08:00  WARN 9386 --- [http-nio-8080-exec-1] actStandardFragmentInsertionTagProcessor : [THYMELEAF][http-nio-8080-exec-1][index] Deprecated unwrapped fragment expression "partial/recipecard :: recipecard" found in template index, line 11, col 14. Please use the complete syntax of fragment expressions instead ("~{partial/recipecard :: recipecard}"). The old, unwrapped syntax for fragment expressions will be removed in future versions of Thymeleaf.
2023-03-02T11:12:26.944-08:00  INFO 9386 --- [SpringApplicationShutdownHook] j.LocalContainerEntityManagerFactoryBean : Closing JPA EntityManagerFactory for persistence unit 'default'
2023-03-02T11:12:26.948-08:00  INFO 9386 --- [SpringApplicationShutdownHook] com.zaxxer.hikari.HikariDataSource       : HikariPool-1 - Shutdown initiated...
2023-03-02T11:12:26.960-08:00  INFO 9386 --- [SpringApplicationShutdownHook] com.zaxxer.hikari.HikariDataSource       : HikariPool-1 - Shutdown completed.
